
Turn 6
================================================================
warning: owned entities 5, 3 collided on cell (24, 16) as the result of moves on this turn
At command 3 of 3:
    1   m 1 o
    2   m 3 o
>>> 3   m 5 e


Turn 10
================================================================
warning: entity 1 was directed to use 8 halite to move south, but only 0 halite was available
At command 2 of 3:
    1   m 7 o
>>> 2   m 1 s
    3   g


Turn 17
================================================================
warning: entity 9 was directed to use 6 halite to move south, but only 0 halite was available
At command 1 of 3:
>>> 1   m 9 s
    2   m 1 w
    3   m 7 o


Turn 20
================================================================
warning: entity 9 was directed to use 9 halite to move south, but only 0 halite was available
At command 1 of 3:
>>> 1   m 9 s
    2   m 1 o
    3   m 7 o


Turn 23
================================================================
warning: owned entities 7, 9 collided on cell (24, 17) as the result of moves on this turn
At command 3 of 3:
    1   m 9 o
    2   m 1 n
>>> 3   m 7 n

